ValidationError: "gsgs" is not allowed{"isJoi":true,"name":"ValidationError","details":[{"message":"\"gsgs\" is not allowed","path":["gsgs"],"type":"object.allowUnknown","context":{"child":"gsgs","value":6,"key":"gsgs","label":"gsgs"}}],"_object":{"email":"ManQueR@gmail.com","password":"237388281","gsgs":6}}{"isJoi":true,"name":"ValidationError","details":[{"message":"\"gsgs\" is not allowed","path":["gsgs"],"type":"object.allowUnknown","context":{"child":"gsgs","value":6,"key":"gsgs","label":"gsgs"}}],"_object":{"email":"ManQueR@gmail.com","password":"237388281","gsgs":6}}
==========={"isJoi":true,"name":"ValidationError","details":[{"message":"\"gsgs\" is not allowed","path":["gsgs"],"type":"object.allowUnknown","context":{"child":"gsgs","value":6,"key":"gsgs","label":"gsgs"}}],"_object":{"email":"ManQueR@gmail.com","password":"237388281","gsgs":6}}
==========={
  "isJoi": true,
  "name": "ValidationError",
  "details": [
    {
      "message": "\"gsgs\" is not allowed",
      "path": [
        "gsgs"
      ],
      "type": "object.allowUnknown",
      "context": {
        "child": "gsgs",
        "value": 6,
        "key": "gsgs",
        "label": "gsgs"
      }
    }
  ],
  "_object": {
    "email": "ManQueR@gmail.com",
    "password": "237388281",
    "gsgs": 6
  }
}
==========={
  "isJoi": true,
  "name": "ValidationError",
  "details": [
    {
      "message": "\"gsgs\" is not allowed",
      "path": [
        "gsgs"
      ],
      "type": "object.allowUnknown",
      "context": {
        "child": "gsgs",
        "value": 6,
        "key": "gsgs",
        "label": "gsgs"
      }
    }
  ],
  "_object": {
    "email": "ManQueR@gmail.com",
    "password": "237388281",
    "gsgs": 6
  }
}
==========={
  "message": "email already exist",
  "statusCode": 409
}
==========={
  "isJoi": true,
  "name": "ValidationError",
  "details": [
    {
      "message": "\"email\" must be a valid email",
      "path": [
        "email"
      ],
      "type": "string.email",
      "context": {
        "value": "manquergmail.com",
        "key": "email",
        "label": "email"
      }
    }
  ],
  "_object": {
    "email": "ManQueRgmail.com",
    "password": "237388281"
  }
}
==========={
  "isJoi": true,
  "name": "ValidationError",
  "details": [
    {
      "message": "\"email\" must be a valid email",
      "path": [
        "email"
      ],
      "type": "string.email",
      "context": {
        "value": "manquergmail.com",
        "key": "email",
        "label": "email"
      }
    }
  ],
  "_object": {
    "email": "ManQueRgmail.com",
    "password": "237388281"
  }
}
==========={}
==========={
  "message": "email already exist",
  "statusCode": 409
}
==========={
  "message": "email already exist",
  "statusCode": 409
}
==========={
  "message": "email already exist",
  "statusCode": 409
}
==========={
  "message": "email already exist",
  "statusCode": 409
}
==========={
  "message": "email already exist",
  "statusCode": 409
}
==========={}
==========={
  "message": "email already exist",
  "statusCode": 409
}
==========={
  "message": "email already exist",
  "statusCode": 409
}
==========={}
==========={
  "message": "email already exist",
  "statusCode": 409
}
==========={
  "message": "email already exist",
  "statusCode": 409
}
==========={
  "message": "email already exist",
  "statusCode": 409
}
==========={
  "message": "email already exist",
  "statusCode": 409
}
==========={
  "message": "email already exist",
  "statusCode": 409
}
==========={
  "isJoi": true,
  "name": "ValidationError",
  "details": [
    {
      "message": "\"email\" is required",
      "path": [
        "email"
      ],
      "type": "any.required",
      "context": {
        "key": "email",
        "label": "email"
      }
    },
    {
      "message": "\"password\" is required",
      "path": [
        "password"
      ],
      "type": "any.required",
      "context": {
        "key": "password",
        "label": "password"
      }
    }
  ],
  "_object": {}
}
==========={
  "message": "email already exist",
  "statusCode": 409
}
==========={
  "message": "email already exist",
  "statusCode": 409
}
==========={
  "message": "email already exist",
  "statusCode": 409
}
==========={
  "isJoi": true,
  "name": "ValidationError",
  "details": [
    {
      "message": "\"email\" must be a valid email",
      "path": [
        "email"
      ],
      "type": "string.email",
      "context": {
        "value": "manu@gmail.co. uk",
        "key": "email",
        "label": "email"
      }
    }
  ],
  "_object": {
    "email": "MAnu@gmail.Co. Uk",
    "password": "237388281"
  }
}
==========={
  "isJoi": true,
  "name": "ValidationError",
  "details": [
    {
      "message": "\"email\" must be a valid email",
      "path": [
        "email"
      ],
      "type": "string.email",
      "context": {
        "value": "manu@gmail.co. uk",
        "key": "email",
        "label": "email"
      }
    },
    {
      "message": "\"sh\" is not allowed",
      "path": [
        "sh"
      ],
      "type": "object.allowUnknown",
      "context": {
        "child": "sh",
        "value": 34,
        "key": "sh",
        "label": "sh"
      }
    }
  ],
  "_object": {
    "email": "MAnu@gmail.Co. Uk",
    "password": "237388281",
    "sh": 34
  }
}
===========