0 info it worked if it ends with ok
1 verbose cli [ '/usr/bin/node', '/usr/bin/npm', 'run', 'start:mongodb' ]
2 info using npm@3.5.2
3 info using node@v8.10.0
4 verbose run-script [ 'prestart:mongodb', 'start:mongodb', 'poststart:mongodb' ]
5 info lifecycle web-service@1.0.0~prestart:mongodb: web-service@1.0.0
6 silly lifecycle web-service@1.0.0~prestart:mongodb: no script for prestart:mongodb, continuing
7 info lifecycle web-service@1.0.0~start:mongodb: web-service@1.0.0
8 verbose lifecycle web-service@1.0.0~start:mongodb: unsafe-perm in lifecycle true
9 verbose lifecycle web-service@1.0.0~start:mongodb: PATH: /usr/share/npm/bin/node-gyp-bin:/sdcard/node_project/web-service/node_modules/.bin:/usr/local/sbin:/usr/local/bin:/bin:/usr/bin:/sbin:/usr/sbin:/usr/games:/usr/local/games
10 verbose lifecycle web-service@1.0.0~start:mongodb: CWD: /sdcard/node_project/web-service
11 silly lifecycle web-service@1.0.0~start:mongodb: Args: [ '-c', 'nodemon playground/mongodb-practice/mongodb.js' ]
12 info lifecycle web-service@1.0.0~start:mongodb: Failed to exec start:mongodb script
13 verbose stack Error: web-service@1.0.0 start:mongodb: `nodemon playground/mongodb-practice/mongodb.js`
13 verbose stack spawn ENOENT
13 verbose stack     at ChildProcess.<anonymous> (/usr/share/npm/lib/utils/spawn.js:17:16)
13 verbose stack     at emitTwo (events.js:126:13)
13 verbose stack     at ChildProcess.emit (events.js:214:7)
13 verbose stack     at maybeClose (internal/child_process.js:925:16)
13 verbose stack     at Process.ChildProcess._handle.onexit (internal/child_process.js:209:5)
14 verbose pkgid web-service@1.0.0
15 verbose cwd /sdcard/node_project/web-service
16 error Linux 4.4.22+
17 error argv "/usr/bin/node" "/usr/bin/npm" "run" "start:mongodb"
18 error node v8.10.0
19 error npm  v3.5.2
20 error file sh
21 error code ELIFECYCLE
22 error errno ENOENT
23 error syscall spawn
24 error web-service@1.0.0 start:mongodb: `nodemon playground/mongodb-practice/mongodb.js`
24 error spawn ENOENT
25 error Failed at the web-service@1.0.0 start:mongodb script 'nodemon playground/mongodb-practice/mongodb.js'.
25 error Make sure you have the latest version of node.js and npm installed.
25 error If you do, this is most likely a problem with the web-service package,
25 error not with npm itself.
25 error Tell the author that this fails on your system:
25 error     nodemon playground/mongodb-practice/mongodb.js
25 error You can get information on how to open an issue for this project with:
25 error     npm bugs web-service
25 error Or if that isn't available, you can get their info via:
25 error     npm owner ls web-service
25 error There is likely additional logging output above.
26 verbose exit [ 1, true ]
